0 info it worked if it ends with ok
1 verbose cli [ '/home/adil/.nvm/versions/node/v5.5.0/bin/node',
1 verbose cli   '/home/adil/.nvm/versions/node/v5.5.0/bin/npm',
1 verbose cli   'run',
1 verbose cli   'tsc' ]
2 info using npm@3.3.12
3 info using node@v5.5.0
4 verbose run-script [ 'pretsc', 'tsc', 'posttsc' ]
5 info lifecycle angular-quickstart@1.0.0~pretsc: angular-quickstart@1.0.0
6 silly lifecycle angular-quickstart@1.0.0~pretsc: no script for pretsc, continuing
7 info lifecycle angular-quickstart@1.0.0~tsc: angular-quickstart@1.0.0
8 verbose lifecycle angular-quickstart@1.0.0~tsc: unsafe-perm in lifecycle true
9 verbose lifecycle angular-quickstart@1.0.0~tsc: PATH: /home/adil/.nvm/versions/node/v5.5.0/lib/node_modules/npm/bin/node-gyp-bin:/home/adil/Desktop/angular-quickstart/node_modules/.bin:/home/adil/.rvm/gems/jruby-1.7.15/bin:/home/adil/.rvm/gems/jruby-1.7.15@global/bin:/home/adil/.rvm/rubies/jruby-1.7.15/bin:/home/adil/.nvm/versions/node/v5.5.0/bin:/home/adil/.rbenv/shims:/home/adil/.rbenv/bin:/usr/local/sbin:/usr/local/bin:/usr/sbin:/usr/bin:/sbin:/bin:/usr/games:/usr/local/games:/snap/bin:/home/adil/.rvm/bin
10 verbose lifecycle angular-quickstart@1.0.0~tsc: CWD: /home/adil/Desktop/angular-quickstart
11 silly lifecycle angular-quickstart@1.0.0~tsc: Args: [ '-c', 'tsc' ]
12 silly lifecycle angular-quickstart@1.0.0~tsc: Returned: code: 2  signal: null
13 info lifecycle angular-quickstart@1.0.0~tsc: Failed to exec tsc script
14 verbose stack Error: angular-quickstart@1.0.0 tsc: `tsc`
14 verbose stack Exit status 2
14 verbose stack     at EventEmitter.<anonymous> (/home/adil/.nvm/versions/node/v5.5.0/lib/node_modules/npm/lib/utils/lifecycle.js:232:16)
14 verbose stack     at emitTwo (events.js:100:13)
14 verbose stack     at EventEmitter.emit (events.js:185:7)
14 verbose stack     at ChildProcess.<anonymous> (/home/adil/.nvm/versions/node/v5.5.0/lib/node_modules/npm/lib/utils/spawn.js:24:14)
14 verbose stack     at emitTwo (events.js:100:13)
14 verbose stack     at ChildProcess.emit (events.js:185:7)
14 verbose stack     at maybeClose (internal/child_process.js:821:16)
14 verbose stack     at Process.ChildProcess._handle.onexit (internal/child_process.js:211:5)
15 verbose pkgid angular-quickstart@1.0.0
16 verbose cwd /home/adil/Desktop/angular-quickstart
17 error Linux 4.4.0-38-generic
18 error argv "/home/adil/.nvm/versions/node/v5.5.0/bin/node" "/home/adil/.nvm/versions/node/v5.5.0/bin/npm" "run" "tsc"
19 error node v5.5.0
20 error npm  v3.3.12
21 error code ELIFECYCLE
22 error angular-quickstart@1.0.0 tsc: `tsc`
22 error Exit status 2
23 error Failed at the angular-quickstart@1.0.0 tsc script 'tsc'.
23 error Make sure you have the latest version of node.js and npm installed.
23 error If you do, this is most likely a problem with the angular-quickstart package,
23 error not with npm itself.
23 error Tell the author that this fails on your system:
23 error     tsc
23 error You can get their info via:
23 error     npm owner ls angular-quickstart
23 error There is likely additional logging output above.
24 verbose exit [ 1, true ]
